CRITICAL - 2025-01-16 12:59:29 --> CodeIgniter\View\Exceptions\ViewException: Invalid file: "invoice/invoice-list.php"
[Method: GET, Route: invoice/invoice-list]
in SYSTEMPATH\Exceptions\FrameworkException.php on line 41.
 1 SYSTEMPATH\View\View.php(222): CodeIgniter\Exceptions\FrameworkException::forInvalidFile('invoice/invoice-list.php')
 2 SYSTEMPATH\Common.php(1171): CodeIgniter\View\View->render('invoice/invoice-list', [], true)
 3 APPPATH\Controllers\InvoiceController.php(33): view('invoice/invoice-list', [...])
 4 SYSTEMPATH\CodeIgniter.php(933): App\Controllers\InvoiceController->invoiceList()
 5 SYSTEMPATH\CodeIgniter.php(509): CodeIgniter\CodeIgniter->runController(Object(App\Controllers\InvoiceController))
 6 SYSTEMPATH\CodeIgniter.php(355): CodeIgniter\CodeIgniter->handleRequest(null, Object(Config\Cache), false)
 7 SYSTEMPATH\Boot.php(334): CodeIgniter\CodeIgniter->run()
 8 SYSTEMPATH\Boot.php(67): CodeIgniter\Boot::runCodeIgniter(Object(CodeIgniter\CodeIgniter))
 9 FCPATH\index.php(56): CodeIgniter\Boot::bootWeb(Object(Config\Paths))
10 SYSTEMPATH\rewrite.php(44): require_once('E:\\Dustbin\\tutorial\\WowDash\\public\\index.php')
CRITICAL - 2025-01-16 12:59:29 --> CodeIgniter\View\Exceptions\ViewException: Invalid file: "invoice/invoice-list.php"
[Method: GET, Route: invoice/invoice-list]
in SYSTEMPATH\Exceptions\FrameworkException.php on line 41.
 1 SYSTEMPATH\View\View.php(222): CodeIgniter\Exceptions\FrameworkException::forInvalidFile('invoice/invoice-list.php')
 2 SYSTEMPATH\Common.php(1171): CodeIgniter\View\View->render('invoice/invoice-list', [], true)
 3 APPPATH\Controllers\InvoiceController.php(33): view('invoice/invoice-list', [...])
 4 SYSTEMPATH\CodeIgniter.php(933): App\Controllers\InvoiceController->invoiceList()
 5 SYSTEMPATH\CodeIgniter.php(509): CodeIgniter\CodeIgniter->runController(Object(App\Controllers\InvoiceController))
 6 SYSTEMPATH\CodeIgniter.php(355): CodeIgniter\CodeIgniter->handleRequest(null, Object(Config\Cache), false)
 7 SYSTEMPATH\Boot.php(334): CodeIgniter\CodeIgniter->run()
 8 SYSTEMPATH\Boot.php(67): CodeIgniter\Boot::runCodeIgniter(Object(CodeIgniter\CodeIgniter))
 9 FCPATH\index.php(56): CodeIgniter\Boot::bootWeb(Object(Config\Paths))
10 SYSTEMPATH\rewrite.php(44): require_once('E:\\Dustbin\\tutorial\\WowDash\\public\\index.php')
